<?xml version="1.0" encoding="UTF-8"?>
<testsuite xmlns:xsi="http://www.w3.org/2001/XMLSchema-instance" xsi:noNamespaceSchemaLocation="https://maven.apache.org/surefire/maven-surefire-plugin/xsd/surefire-test-report-3.0.xsd" version="3.0" name="com.zerobank.runners.CucumberRunner" time="12.908" tests="5" errors="0" skipped="0" failures="0">
  <properties>
[...]
</properties>
  <testcase name="User should login with valid credentials" classname="User can only login with valid credentials" time="3.069"/>
  <testcase name="User shouldn&apos;t be able to login with credentials  user :&quot;WrongUser&quot;, password: &quot;password&quot;" classname="User can only login with valid credentials" time="3.023"/>
  <testcase name="User shouldn&apos;t be able to login with credentials  user :&quot;userName&quot;, password: &quot;WrongPassword&quot;" classname="User can only login with valid credentials" time="2.217"/>
  <testcase name="User shouldn&apos;t be able to login with credentials  user :&quot;&quot;, password: &quot;password&quot;" classname="User can only login with valid credentials" time="2.267"/>
  <testcase name="User shouldn&apos;t be able to login with credentials  user :&quot;username&quot;, password: &quot;&quot;" classname="User can only login with valid credentials" time="1.914"/>
</testsuite>